<?xml version="1.0" encoding="UTF-8"?>
<testsuite xmlns:xsi="http://www.w3.org/2001/XMLSchema-instance" xsi:noNamespaceSchemaLocation="https://maven.apache.org/surefire/maven-surefire-plugin/xsd/surefire-test-report.xsd" name="org.apache.commons.io.input.NullInputStreamTest" time="0.026" tests="6" errors="0" skipped="0" failures="0">
  <properties>
    <property name="java.specification.version" value="21"/>
    <property name="sun.cpu.isalist" value="amd64"/>
    <property name="sun.jnu.encoding" value="Cp1252"/>
    <property name="java.class.path" value="C:\Users\ryhur\Desktop\SE333\commons-io-master\target\test-classes;C:\Users\ryhur\Desktop\SE333\commons-io-master\target\classes;C:\Users\ryhur\.m2\repository\junit\junit\4.12\junit-4.12.jar;C:\Users\ryhur\.m2\repository\org\hamcrest\hamcrest-core\1.3\hamcrest-core-1.3.jar;C:\Users\ryhur\.m2\repository\com\google\jimfs\jimfs\1.1\jimfs-1.1.jar;C:\Users\ryhur\.m2\repository\com\google\guava\guava\18.0\guava-18.0.jar;C:\Users\ryhur\.m2\repository\org\apache\commons\commons-lang3\3.8.1\commons-lang3-3.8.1.jar;"/>
    <property name="java.vm.vendor" value="Amazon.com Inc."/>
    <property name="sun.arch.data.model" value="64"/>
    <property name="user.variant" value=""/>
    <property name="java.vendor.url" value="https://aws.amazon.com/corretto/"/>
    <property name="user.timezone" value="America/Chicago"/>
    <property name="os.name" value="Windows 11"/>
    <property name="java.vm.specification.version" value="21"/>
    <property name="sun.java.launcher" value="SUN_STANDARD"/>
    <property name="user.country" value="US"/>
    <property name="sun.boot.library.path" value="C:\Program Files\Amazon Corretto\jdk21.0.4_7\bin"/>
    <property name="sun.java.command" value="C:\Users\ryhur\AppData\Local\Temp\surefire17819417816134011599\surefirebooter10520014770415697776.jar C:\Users\ryhur\AppData\Local\Temp\surefire17819417816134011599 2025-02-19T12-42-47_228-jvmRun1 surefire8917617280526921754tmp surefire_1516742249658129916633tmp"/>
    <property name="jdk.debug" value="release"/>
    <property name="surefire.test.class.path" value="C:\Users\ryhur\Desktop\SE333\commons-io-master\target\test-classes;C:\Users\ryhur\Desktop\SE333\commons-io-master\target\classes;C:\Users\ryhur\.m2\repository\junit\junit\4.12\junit-4.12.jar;C:\Users\ryhur\.m2\repository\org\hamcrest\hamcrest-core\1.3\hamcrest-core-1.3.jar;C:\Users\ryhur\.m2\repository\com\google\jimfs\jimfs\1.1\jimfs-1.1.jar;C:\Users\ryhur\.m2\repository\com\google\guava\guava\18.0\guava-18.0.jar;C:\Users\ryhur\.m2\repository\org\apache\commons\commons-lang3\3.8.1\commons-lang3-3.8.1.jar;"/>
    <property name="sun.cpu.endian" value="little"/>
    <property name="user.home" value="C:\Users\ryhur"/>
    <property name="user.language" value="en"/>
    <property name="java.specification.vendor" value="Oracle Corporation"/>
    <property name="java.version.date" value="2024-07-16"/>
    <property name="java.home" value="C:\Program Files\Amazon Corretto\jdk21.0.4_7"/>
    <property name="file.separator" value="\"/>
    <property name="basedir" value="C:\Users\ryhur\Desktop\SE333\commons-io-master"/>
    <property name="java.vm.compressedOopsMode" value="32-bit"/>
    <property name="line.separator" value="&#10;"/>
    <property name="java.vm.specification.vendor" value="Oracle Corporation"/>
    <property name="java.specification.name" value="Java Platform API Specification"/>
    <property name="surefire.real.class.path" value="C:\Users\ryhur\AppData\Local\Temp\surefire17819417816134011599\surefirebooter10520014770415697776.jar"/>
    <property name="user.script" value=""/>
    <property name="sun.management.compiler" value="HotSpot 64-Bit Tiered Compilers"/>
    <property name="java.runtime.version" value="21.0.4+7-LTS"/>
    <property name="user.name" value="ryhur"/>
    <property name="stdout.encoding" value="Cp1252"/>
    <property name="path.separator" value=";"/>
    <property name="os.version" value="10.0"/>
    <property name="java.runtime.name" value="OpenJDK Runtime Environment"/>
    <property name="file.encoding" value="UTF-8"/>
    <property name="java.vm.name" value="OpenJDK 64-Bit Server VM"/>
    <property name="java.vendor.version" value="Corretto-21.0.4.7.1"/>
    <property name="localRepository" value="C:\Users\ryhur\.m2\repository"/>
    <property name="java.vendor.url.bug" value="https://github.com/corretto/corretto-21/issues/"/>
    <property name="java.io.tmpdir" value="C:\Users\ryhur\AppData\Local\Temp\"/>
    <property name="java.version" value="21.0.4"/>
    <property name="user.dir" value="C:\Users\ryhur\Desktop\SE333\commons-io-master"/>
    <property name="os.arch" value="amd64"/>
    <property name="java.vm.specification.name" value="Java Virtual Machine Specification"/>
    <property name="sun.os.patch.level" value=""/>
    <property name="native.encoding" value="Cp1252"/>
    <property name="java.library.path" value="C:\Program Files\Amazon Corretto\jdk21.0.4_7\bin;C:\Windows\Sun\Java\bin;C:\Windows\system32;C:\Windows;C:\Program Files (x86)\Common Files\Oracle\Java\java8path;C:\Program Files (x86)\Common Files\Oracle\Java\javapath;C:\Program Files\Amazon Corretto\jdk21.0.4_7\bin;C:\Windows\system32;C:\Windows;C:\Windows\System32\Wbem;C:\Windows\System32\WindowsPowerShell\v1.0\;C:\Windows\System32\OpenSSH\;C:\Program Files\PuTTY\;C:\Program Files\Microsoft SQL Server\150\Tools\Binn\;C:\Program Files\Microsoft SQL Server\Client SDK\ODBC\170\Tools\Binn\;C:\Program Files\dotnet\;C:\Program Files (x86)\sbt\bin;C:\Program Files\Git\cmd;C:\Program Files\Perforce\;C:\Program Files (x86)\Windows Kits\10\Windows Performance Toolkit\;C:\Users\ryhur\Maven\apache-maven-3.9.9\bin;C:\Users\ryhur\AppData\Local\Programs\Python\Python310\Scripts\;C:\Users\ryhur\AppData\Local\Programs\Python\Python310\;C:\Users\ryhur\AppData\Local\Microsoft\WindowsApps;C:\Users\ryhur\.dotnet\tools;C:\Program Files (x86)\Brackets\;C:\Users\ryhur\AppData\Local\Programs\Microsoft VS Code\bin;C:\Program Files\apache-maven-3.9.9-bin\apache-maven-3.9.9\bin;;."/>
    <property name="java.vm.info" value="mixed mode, sharing"/>
    <property name="stderr.encoding" value="Cp1252"/>
    <property name="java.vendor" value="Amazon.com Inc."/>
    <property name="java.vm.version" value="21.0.4+7-LTS"/>
    <property name="sun.io.unicode.encoding" value="UnicodeLittle"/>
    <property name="java.class.version" value="65.0"/>
  </properties>
  <testcase name="testReadByteArray" classname="org.apache.commons.io.input.NullInputStreamTest" time="0.001"/>
  <testcase name="testRead" classname="org.apache.commons.io.input.NullInputStreamTest" time="0.001"/>
  <testcase name="testSkip" classname="org.apache.commons.io.input.NullInputStreamTest" time="0"/>
  <testcase name="testEOFException" classname="org.apache.commons.io.input.NullInputStreamTest" time="0"/>
  <testcase name="testMarkNotSupported" classname="org.apache.commons.io.input.NullInputStreamTest" time="0"/>
  <testcase name="testMarkAndReset" classname="org.apache.commons.io.input.NullInputStreamTest" time="0"/>
</testsuite>